2024-06-15 08:07:00: Access denied for user 'gugyasoj_voting'@'localhost' (using password: YES)
2024-06-15 08:07:43: Access denied for user 'gugyasoj_voting'@'localhost' (using password: YES)
2024-06-15 08:09:26: Received data: {"sessionID":"2005506191900168","userID":"USSD_DOCUMENTATION","newSession":true,"msisdn":"233271231234","userData":"*928*","network":"AIRTELTIGO"}
2024-06-15 08:09:39: Received data: {"sessionID":"2005506191900168","userID":"USSD_DOCUMENTATION","newSession":true,"msisdn":"233271231234","userData":"1","network":"AIRTELTIGO"}
2024-06-15 08:09:52: Received data: {"sessionID":"2005506191900168","userID":"USSD_DOCUMENTATION","newSession":true,"msisdn":"233271231234","userData":"1HS95","network":"AIRTELTIGO"}
2024-06-15 08:10:09: Received data: {"sessionID":"2005506191900168","userID":"USSD_DOCUMENTATION","newSession":true,"msisdn":"233271231234","userData":"1HD","network":"AIRTELTIGO"}
2024-06-15 08:27:17: Received data: {"sessionID":"2005506191900168","userID":"USSD_DOCUMENTATION","newSession":true,"msisdn":"233271231234","userData":"1FS28","network":"AIRTELTIGO"}
2024-06-15 08:27:47: Received data: {"sessionID":"2005506191900168","userID":"USSD_DOCUMENTATION","newSession":true,"msisdn":"233271231234","userData":"*928*","network":"AIRTELTIGO"}
2024-06-15 08:28:05: Received data: {"sessionID":"2005506191900168","userID":"USSD_DOCUMENTATION","newSession":true,"msisdn":"233271231234","userData":"1","network":"AIRTELTIGO"}
2024-06-15 08:28:14: Received data: {"sessionID":"2005506191900168","userID":"USSD_DOCUMENTATION","newSession":true,"msisdn":"233271231234","userData":"1FS12","network":"AIRTELTIGO"}
2024-06-15 08:28:26: Received data: {"sessionID":"2005506191900168","userID":"USSD_DOCUMENTATION","newSession":true,"msisdn":"233271231234","userData":"12","network":"AIRTELTIGO"}
2024-06-15 09:12:34: Received data: {"sessionID":"2005506191900168","userID":"USSD_DOCUMENTATION","newSession":true,"msisdn":"233271231234","userData":"*929*","network":"AIRTELTIGO"}
2024-06-15 09:13:29: Received data: {"sessionID":"2005506191900168","userID":"USSD_DOCUMENTATION","newSession":true,"msisdn":"233271231234","userData":"*928*","network":"AIRTELTIGO"}
2024-06-15 09:13:38: Received data: {"sessionID":"2005506191900168","userID":"USSD_DOCUMENTATION","newSession":true,"msisdn":"233271231234","userData":"1","network":"AIRTELTIGO"}
2024-06-15 09:16:16: Received data: {"sessionID":"2005506191900168","userID":"USSD_DOCUMENTATION","newSession":true,"msisdn":"233271231234","userData":"*929*","network":"AIRTELTIGO"}
2024-06-15 09:18:48: Received data: {"sessionID":"2005506191900168","userID":"USSD_DOCUMENTATION","newSession":true,"msisdn":"233271231234","userData":"*928*","network":"AIRTELTIGO"}
2024-06-15 09:19:00: Received data: {"sessionID":"2005506191900168","userID":"USSD_DOCUMENTATION","newSession":true,"msisdn":"233271231234","userData":"1","network":"AIRTELTIGO"}
2024-06-15 09:19:10: Received data: {"sessionID":"2005506191900168","userID":"USSD_DOCUMENTATION","newSession":true,"msisdn":"233271231234","userData":"FS23","network":"AIRTELTIGO"}
2024-06-15 17:26:55: Executing SQL: SELECT 
                c.contestant_name,
                c.category_id,
                c.contestant_id,
                cat.event_id,
                cat.cost_per_vote,
                e.event_name
            FROM 
                contestants c
            JOIN 
                categories cat ON c.category_id = cat.category_id
            JOIN 
                events e ON cat.event_id = e.event_id
            WHERE 
                c.contestant_id = 'FS24'
2024-06-15 17:35:22: Executing SQL: SELECT 
                c.contestant_name,
                c.category_id,
                c.contestant_id,
                cat.event_id,
                cat.cost_per_vote,
                e.event_name
            FROM 
                contestants c
            JOIN 
                categories cat ON c.category_id = cat.category_id
            JOIN 
                events e ON cat.event_id = e.event_id
            WHERE 
                c.contestant_id = 'FS05'
2024-06-16 06:06:23: Failed to initiate transaction: {"status":false,"message":"Invalid key","meta":{"nextStep":"Ensure that the authorization header follows the format: \"Bearer YOUR_SECRET_KEY\". Ex. 'Authorization: Bearer sk_123456789'"},"type":"validation_error","code":"authorization_key"}
2024-06-16 06:28:28: Failed to initiate transaction: {"status":false,"message":"Invalid key","meta":{"nextStep":"Ensure that the authorization header follows the format: \"Bearer YOUR_SECRET_KEY\". Ex. 'Authorization: Bearer sk_123456789'"},"type":"validation_error","code":"authorization_key"}
2024-06-16 09:09:37: Payment initiation error: {"status":true,"message":"Charge attempted","data":{"reference":"x38jagnc4pdp9aa","status":"pay_offline","display_text":"Please complete the authorisation process by inputting your PIN on your mobile device"}}


2024-06-16 09:42:30: Failed to initiate transaction: {"status":false,"message":"Charge attempted","data":{"reference":"nskg8ofievckufd","status":"failed","message":"Unable to process transaction"},"meta":{"nextStep":"The customer needs to escalate to Paystack either through the merchant or via our support channels."},"type":"api_error","code":"unprocessed_transaction"}


2024-06-16 09:45:47: Payment initiation error: {"status":true,"message":"Charge attempted","data":{"reference":"257e9ywatoce9sg","status":"pay_offline","display_text":"Please complete the authorisation process by inputting your PIN on your mobile device"}}
2024-06-16 11:04:02: Failed to initiate transaction: {"status":false,"message":"Invalid provider","meta":{"nextStep":"Ensure that the value(s) you're passing are valid."},"type":"validation_error","code":"invalid_params"}
2024-06-16 11:04:17: Failed to initiate transaction: {"status":false,"message":"Invalid provider","meta":{"nextStep":"Ensure that the value(s) you're passing are valid."},"type":"validation_error","code":"invalid_params"}
2024-06-16 11:04:29: Failed to initiate transaction: {"status":false,"message":"Invalid provider","meta":{"nextStep":"Ensure that the value(s) you're passing are valid."},"type":"validation_error","code":"invalid_params"}
2024-06-16 11:39:41: Failed to initiate transaction: {"status":false,"message":"Invalid provider","meta":{"nextStep":"Ensure that the value(s) you're passing are valid."},"type":"validation_error","code":"invalid_params"}
2024-06-16 12:01:38: Failed to initiate transaction: 
